<?xml version="1.0" encoding="UTF-8" ?>
<testsuite tests="1" failures="0" name="TestSuite" time="4.759" errors="0" skipped="0">
  <properties>
    <property name="java.runtime.name" value="Java(TM) SE Runtime Environment"/>
    <property name="sun.boot.library.path" value="C:\Program Files\Java\jre1.8.0_111\bin"/>
    <property name="java.vm.version" value="25.111-b14"/>
    <property name="java.vm.vendor" value="Oracle Corporation"/>
    <property name="java.vendor.url" value="http://java.oracle.com/"/>
    <property name="path.separator" value=";"/>
    <property name="java.vm.name" value="Java HotSpot(TM) 64-Bit Server VM"/>
    <property name="file.encoding.pkg" value="sun.io"/>
    <property name="user.script" value=""/>
    <property name="user.country" value="BR"/>
    <property name="sun.java.launcher" value="SUN_STANDARD"/>
    <property name="sun.os.patch.level" value="Service Pack 1"/>
    <property name="java.vm.specification.name" value="Java Virtual Machine Specification"/>
    <property name="user.dir" value="C:\WorkSpace\Rest-Assured-Alura"/>
    <property name="java.runtime.version" value="1.8.0_111-b14"/>
    <property name="java.awt.graphicsenv" value="sun.awt.Win32GraphicsEnvironment"/>
    <property name="basedir" value="C:\WorkSpace\Rest-Assured-Alura"/>
    <property name="java.endorsed.dirs" value="C:\Program Files\Java\jre1.8.0_111\lib\endorsed"/>
    <property name="os.arch" value="amd64"/>
    <property name="surefire.real.class.path" value="C:\Users\AUTOMA~1\AppData\Local\Temp\surefirebooter8839985273824103664.jar"/>
    <property name="java.io.tmpdir" value="C:\Users\AUTOMA~1\AppData\Local\Temp\"/>
    <property name="line.separator" value="
"/>
    <property name="java.vm.specification.vendor" value="Oracle Corporation"/>
    <property name="user.variant" value=""/>
    <property name="os.name" value="Windows 7"/>
    <property name="sun.jnu.encoding" value="Cp1252"/>
    <property name="java.library.path" value="C:\Program Files\Java\jre1.8.0_111\bin;C:\Windows\Sun\Java\bin;C:\Windows\system32;C:\Windows;C:/Program Files/Java/jre1.8.0_111/bin/server;C:/Program Files/Java/jre1.8.0_111/bin;C:/Program Files/Java/jre1.8.0_111/lib/amd64;C:\ProgramData\Oracle\Java\javapath;C:\Windows\system32;C:\Windows;C:\Windows\System32\Wbem;C:\Windows\System32\WindowsPowerShell\v1.0\;C:\Program Files\Java\jdk1.8.0_111\bin;C:\apache-maven-3.3.9\bin;C:\Program Files\Git\cmd;C:\apache-ant-1.10.0\bin;C:\eclipse;;."/>
    <property name="surefire.test.class.path" value="C:\WorkSpace\Rest-Assured-Alura\target\test-classes;C:\WorkSpace\Rest-Assured-Alura\target\classes;C:\Users\Automacao\.m2\repository\velocity\velocity-dep\1.4\velocity-dep-1.4.jar;C:\Users\Automacao\.m2\repository\org\apache\stratos\guice\3.0\guice-3.0.jar;C:\Users\Automacao\.m2\repository\com\google\inject\guice\3.0\guice-3.0.jar;C:\Users\Automacao\.m2\repository\javax\inject\javax.inject\1\javax.inject-1.jar;C:\Users\Automacao\.m2\repository\aopalliance\aopalliance\1.0\aopalliance-1.0.jar;C:\Users\Automacao\.m2\repository\org\uncommons\reportng\1.1.3\reportng-1.1.3.jar;C:\Users\Automacao\.m2\repository\velocity\velocity\1.4\velocity-1.4.jar;C:\Users\Automacao\.m2\repository\commons-configuration\commons-configuration\1.10\commons-configuration-1.10.jar;C:\Users\Automacao\.m2\repository\commons-lang\commons-lang\2.6\commons-lang-2.6.jar;C:\Users\Automacao\.m2\repository\commons-logging\commons-logging\1.1.1\commons-logging-1.1.1.jar;C:\Users\Automacao\.m2\repository\org\apache\commons\commons-exec\1.3\commons-exec-1.3.jar;C:\Users\Automacao\.m2\repository\org\apache\xmlrpc\xmlrpc-client\3.1.3\xmlrpc-client-3.1.3.jar;C:\Users\Automacao\.m2\repository\org\apache\xmlrpc\xmlrpc-common\3.1.3\xmlrpc-common-3.1.3.jar;C:\Users\Automacao\.m2\repository\org\apache\ws\commons\util\ws-commons-util\1.0.2\ws-commons-util-1.0.2.jar;C:\Users\Automacao\.m2\repository\junit\junit\3.8.1\junit-3.8.1.jar;C:\Users\Automacao\.m2\repository\xml-apis\xml-apis\1.0.b2\xml-apis-1.0.b2.jar;C:\Users\Automacao\.m2\repository\org\testng\testng\6.9.4\testng-6.9.4.jar;C:\Users\Automacao\.m2\repository\org\beanshell\bsh\2.0b4\bsh-2.0b4.jar;C:\Users\Automacao\.m2\repository\com\beust\jcommander\1.48\jcommander-1.48.jar;C:\Users\Automacao\.m2\repository\com\jayway\restassured\rest-assured\2.4.1\rest-assured-2.4.1.jar;C:\Users\Automacao\.m2\repository\org\codehaus\groovy\groovy\2.4.3\groovy-2.4.3.jar;C:\Users\Automacao\.m2\repository\org\codehaus\groovy\groovy-xml\2.4.3\groovy-xml-2.4.3.jar;C:\Users\Automacao\.m2\repository\org\apache\httpcomponents\httpclient\4.3.6\httpclient-4.3.6.jar;C:\Users\Automacao\.m2\repository\org\apache\httpcomponents\httpcore\4.3.3\httpcore-4.3.3.jar;C:\Users\Automacao\.m2\repository\commons-codec\commons-codec\1.6\commons-codec-1.6.jar;C:\Users\Automacao\.m2\repository\org\apache\httpcomponents\httpmime\4.3.6\httpmime-4.3.6.jar;C:\Users\Automacao\.m2\repository\org\hamcrest\hamcrest-core\1.3\hamcrest-core-1.3.jar;C:\Users\Automacao\.m2\repository\org\hamcrest\hamcrest-library\1.3\hamcrest-library-1.3.jar;C:\Users\Automacao\.m2\repository\org\ccil\cowan\tagsoup\tagsoup\1.2.1\tagsoup-1.2.1.jar;C:\Users\Automacao\.m2\repository\com\jayway\restassured\xml-path\2.4.1\xml-path-2.4.1.jar;C:\Users\Automacao\.m2\repository\org\apache\commons\commons-lang3\3.3.2\commons-lang3-3.3.2.jar;C:\Users\Automacao\.m2\repository\com\jayway\restassured\json-path\2.4.1\json-path-2.4.1.jar;C:\Users\Automacao\.m2\repository\org\codehaus\groovy\groovy-json\2.4.3\groovy-json-2.4.3.jar;C:\Users\Automacao\.m2\repository\com\jayway\restassured\rest-assured-common\2.4.1\rest-assured-common-2.4.1.jar;C:\Users\Automacao\.m2\repository\com\jayway\restassured\json-schema-validator\2.4.1\json-schema-validator-2.4.1.jar;C:\Users\Automacao\.m2\repository\com\github\fge\json-schema-validator\2.2.5\json-schema-validator-2.2.5.jar;C:\Users\Automacao\.m2\repository\com\github\fge\json-schema-core\1.2.4\json-schema-core-1.2.4.jar;C:\Users\Automacao\.m2\repository\com\github\fge\uri-template\0.9\uri-template-0.9.jar;C:\Users\Automacao\.m2\repository\com\github\fge\msg-simple\1.1\msg-simple-1.1.jar;C:\Users\Automacao\.m2\repository\com\github\fge\btf\1.2\btf-1.2.jar;C:\Users\Automacao\.m2\repository\com\google\guava\guava\16.0.1\guava-16.0.1.jar;C:\Users\Automacao\.m2\repository\com\github\fge\jackson-coreutils\1.8\jackson-coreutils-1.8.jar;C:\Users\Automacao\.m2\repository\com\fasterxml\jackson\core\jackson-databind\2.2.3\jackson-databind-2.2.3.jar;C:\Users\Automacao\.m2\repository\com\fasterxml\jackson\core\jackson-annotations\2.2.3\jackson-annotations-2.2.3.jar;C:\Users\Automacao\.m2\repository\com\fasterxml\jackson\core\jackson-core\2.2.3\jackson-core-2.2.3.jar;C:\Users\Automacao\.m2\repository\org\mozilla\rhino\1.7R4\rhino-1.7R4.jar;C:\Users\Automacao\.m2\repository\joda-time\joda-time\2.3\joda-time-2.3.jar;C:\Users\Automacao\.m2\repository\com\googlecode\libphonenumber\libphonenumber\6.0\libphonenumber-6.0.jar;C:\Users\Automacao\.m2\repository\javax\mail\mailapi\1.4.3\mailapi-1.4.3.jar;C:\Users\Automacao\.m2\repository\javax\activation\activation\1.1\activation-1.1.jar;C:\Users\Automacao\.m2\repository\com\google\code\findbugs\jsr305\2.0.1\jsr305-2.0.1.jar;C:\Users\Automacao\.m2\repository\net\sf\jopt-simple\jopt-simple\4.6\jopt-simple-4.6.jar;"/>
    <property name="java.specification.name" value="Java Platform API Specification"/>
    <property name="java.class.version" value="52.0"/>
    <property name="sun.management.compiler" value="HotSpot 64-Bit Tiered Compilers"/>
    <property name="os.version" value="6.1"/>
    <property name="user.home" value="C:\Users\Automacao"/>
    <property name="user.timezone" value="America/Sao_Paulo"/>
    <property name="java.awt.printerjob" value="sun.awt.windows.WPrinterJob"/>
    <property name="java.specification.version" value="1.8"/>
    <property name="file.encoding" value="Cp1252"/>
    <property name="user.name" value="Automacao"/>
    <property name="java.class.path" value="C:\WorkSpace\Rest-Assured-Alura\target\test-classes;C:\WorkSpace\Rest-Assured-Alura\target\classes;C:\Users\Automacao\.m2\repository\velocity\velocity-dep\1.4\velocity-dep-1.4.jar;C:\Users\Automacao\.m2\repository\org\apache\stratos\guice\3.0\guice-3.0.jar;C:\Users\Automacao\.m2\repository\com\google\inject\guice\3.0\guice-3.0.jar;C:\Users\Automacao\.m2\repository\javax\inject\javax.inject\1\javax.inject-1.jar;C:\Users\Automacao\.m2\repository\aopalliance\aopalliance\1.0\aopalliance-1.0.jar;C:\Users\Automacao\.m2\repository\org\uncommons\reportng\1.1.3\reportng-1.1.3.jar;C:\Users\Automacao\.m2\repository\velocity\velocity\1.4\velocity-1.4.jar;C:\Users\Automacao\.m2\repository\commons-configuration\commons-configuration\1.10\commons-configuration-1.10.jar;C:\Users\Automacao\.m2\repository\commons-lang\commons-lang\2.6\commons-lang-2.6.jar;C:\Users\Automacao\.m2\repository\commons-logging\commons-logging\1.1.1\commons-logging-1.1.1.jar;C:\Users\Automacao\.m2\repository\org\apache\commons\commons-exec\1.3\commons-exec-1.3.jar;C:\Users\Automacao\.m2\repository\org\apache\xmlrpc\xmlrpc-client\3.1.3\xmlrpc-client-3.1.3.jar;C:\Users\Automacao\.m2\repository\org\apache\xmlrpc\xmlrpc-common\3.1.3\xmlrpc-common-3.1.3.jar;C:\Users\Automacao\.m2\repository\org\apache\ws\commons\util\ws-commons-util\1.0.2\ws-commons-util-1.0.2.jar;C:\Users\Automacao\.m2\repository\junit\junit\3.8.1\junit-3.8.1.jar;C:\Users\Automacao\.m2\repository\xml-apis\xml-apis\1.0.b2\xml-apis-1.0.b2.jar;C:\Users\Automacao\.m2\repository\org\testng\testng\6.9.4\testng-6.9.4.jar;C:\Users\Automacao\.m2\repository\org\beanshell\bsh\2.0b4\bsh-2.0b4.jar;C:\Users\Automacao\.m2\repository\com\beust\jcommander\1.48\jcommander-1.48.jar;C:\Users\Automacao\.m2\repository\com\jayway\restassured\rest-assured\2.4.1\rest-assured-2.4.1.jar;C:\Users\Automacao\.m2\repository\org\codehaus\groovy\groovy\2.4.3\groovy-2.4.3.jar;C:\Users\Automacao\.m2\repository\org\codehaus\groovy\groovy-xml\2.4.3\groovy-xml-2.4.3.jar;C:\Users\Automacao\.m2\repository\org\apache\httpcomponents\httpclient\4.3.6\httpclient-4.3.6.jar;C:\Users\Automacao\.m2\repository\org\apache\httpcomponents\httpcore\4.3.3\httpcore-4.3.3.jar;C:\Users\Automacao\.m2\repository\commons-codec\commons-codec\1.6\commons-codec-1.6.jar;C:\Users\Automacao\.m2\repository\org\apache\httpcomponents\httpmime\4.3.6\httpmime-4.3.6.jar;C:\Users\Automacao\.m2\repository\org\hamcrest\hamcrest-core\1.3\hamcrest-core-1.3.jar;C:\Users\Automacao\.m2\repository\org\hamcrest\hamcrest-library\1.3\hamcrest-library-1.3.jar;C:\Users\Automacao\.m2\repository\org\ccil\cowan\tagsoup\tagsoup\1.2.1\tagsoup-1.2.1.jar;C:\Users\Automacao\.m2\repository\com\jayway\restassured\xml-path\2.4.1\xml-path-2.4.1.jar;C:\Users\Automacao\.m2\repository\org\apache\commons\commons-lang3\3.3.2\commons-lang3-3.3.2.jar;C:\Users\Automacao\.m2\repository\com\jayway\restassured\json-path\2.4.1\json-path-2.4.1.jar;C:\Users\Automacao\.m2\repository\org\codehaus\groovy\groovy-json\2.4.3\groovy-json-2.4.3.jar;C:\Users\Automacao\.m2\repository\com\jayway\restassured\rest-assured-common\2.4.1\rest-assured-common-2.4.1.jar;C:\Users\Automacao\.m2\repository\com\jayway\restassured\json-schema-validator\2.4.1\json-schema-validator-2.4.1.jar;C:\Users\Automacao\.m2\repository\com\github\fge\json-schema-validator\2.2.5\json-schema-validator-2.2.5.jar;C:\Users\Automacao\.m2\repository\com\github\fge\json-schema-core\1.2.4\json-schema-core-1.2.4.jar;C:\Users\Automacao\.m2\repository\com\github\fge\uri-template\0.9\uri-template-0.9.jar;C:\Users\Automacao\.m2\repository\com\github\fge\msg-simple\1.1\msg-simple-1.1.jar;C:\Users\Automacao\.m2\repository\com\github\fge\btf\1.2\btf-1.2.jar;C:\Users\Automacao\.m2\repository\com\google\guava\guava\16.0.1\guava-16.0.1.jar;C:\Users\Automacao\.m2\repository\com\github\fge\jackson-coreutils\1.8\jackson-coreutils-1.8.jar;C:\Users\Automacao\.m2\repository\com\fasterxml\jackson\core\jackson-databind\2.2.3\jackson-databind-2.2.3.jar;C:\Users\Automacao\.m2\repository\com\fasterxml\jackson\core\jackson-annotations\2.2.3\jackson-annotations-2.2.3.jar;C:\Users\Automacao\.m2\repository\com\fasterxml\jackson\core\jackson-core\2.2.3\jackson-core-2.2.3.jar;C:\Users\Automacao\.m2\repository\org\mozilla\rhino\1.7R4\rhino-1.7R4.jar;C:\Users\Automacao\.m2\repository\joda-time\joda-time\2.3\joda-time-2.3.jar;C:\Users\Automacao\.m2\repository\com\googlecode\libphonenumber\libphonenumber\6.0\libphonenumber-6.0.jar;C:\Users\Automacao\.m2\repository\javax\mail\mailapi\1.4.3\mailapi-1.4.3.jar;C:\Users\Automacao\.m2\repository\javax\activation\activation\1.1\activation-1.1.jar;C:\Users\Automacao\.m2\repository\com\google\code\findbugs\jsr305\2.0.1\jsr305-2.0.1.jar;C:\Users\Automacao\.m2\repository\net\sf\jopt-simple\jopt-simple\4.6\jopt-simple-4.6.jar;"/>
    <property name="java.vm.specification.version" value="1.8"/>
    <property name="sun.arch.data.model" value="64"/>
    <property name="java.home" value="C:\Program Files\Java\jre1.8.0_111"/>
    <property name="sun.java.command" value="C:\Users\AUTOMA~1\AppData\Local\Temp\surefirebooter8839985273824103664.jar C:\Users\AUTOMA~1\AppData\Local\Temp\surefire3484579462244252756tmp C:\Users\AUTOMA~1\AppData\Local\Temp\surefire8558267008073469611tmp"/>
    <property name="java.specification.vendor" value="Oracle Corporation"/>
    <property name="user.language" value="pt"/>
    <property name="awt.toolkit" value="sun.awt.windows.WToolkit"/>
    <property name="java.vm.info" value="mixed mode"/>
    <property name="java.version" value="1.8.0_111"/>
    <property name="java.ext.dirs" value="C:\Program Files\Java\jre1.8.0_111\lib\ext;C:\Windows\Sun\Java\lib\ext"/>
    <property name="sun.boot.class.path" value="C:\Program Files\Java\jre1.8.0_111\lib\resources.jar;C:\Program Files\Java\jre1.8.0_111\lib\rt.jar;C:\Program Files\Java\jre1.8.0_111\lib\sunrsasign.jar;C:\Program Files\Java\jre1.8.0_111\lib\jsse.jar;C:\Program Files\Java\jre1.8.0_111\lib\jce.jar;C:\Program Files\Java\jre1.8.0_111\lib\charsets.jar;C:\Program Files\Java\jre1.8.0_111\lib\jfr.jar;C:\Program Files\Java\jre1.8.0_111\classes"/>
    <property name="java.vendor" value="Oracle Corporation"/>
    <property name="localRepository" value="C:\Users\Automacao\.m2\repository"/>
    <property name="file.separator" value="\"/>
    <property name="java.vendor.url.bug" value="http://bugreport.sun.com/bugreport/"/>
    <property name="sun.cpu.endian" value="little"/>
    <property name="sun.io.unicode.encoding" value="UnicodeLittle"/>
    <property name="sun.desktop" value="windows"/>
    <property name="sun.cpu.isalist" value="amd64"/>
  </properties>
  <testcase classname="br.com.caelum.leilao.test.UsuariosWSTest" name="deveRetornarListaDeUsuarios" time="3.728"/>
</testsuite>