<?xml version="1.0" encoding="UTF-8"?>
<!-- Generated by org.testng.reporters.JUnitReportReporter -->
<testsuite hostname="Automacao_PC" name="br.com.caelum.leilao.test.OutrosTestWs" tests="2" failures="0" timestamp="30 Jan 2017 01:55:49 GMT" time="2.653" errors="0">
  <testcase name="deveValidarHeader" time="0.122" classname="br.com.caelum.leilao.test.OutrosTestWs"/>
  <testcase name="deveValidarCookie" time="2.531" classname="br.com.caelum.leilao.test.OutrosTestWs"/>
</testsuite> <!-- br.com.caelum.leilao.test.OutrosTestWs -->
