<?xml version="1.0" encoding="UTF-8"?>
<!-- Generated by org.testng.reporters.JUnitReportReporter -->
<testsuite hostname="Automacao_PC" name="br.com.caelum.leilao.test.UsuariosWSTest" tests="1" failures="0" timestamp="16 Jan 2017 03:05:20 GMT" time="3.728" errors="0">
  <testcase name="deveRetornarListaDeUsuarios" time="3.728" classname="br.com.caelum.leilao.test.UsuariosWSTest"/>
</testsuite> <!-- br.com.caelum.leilao.test.UsuariosWSTest -->
